#
# There is insufficient memory for the Java Runtime Environment to continue.
# Native memory allocation (malloc) failed to allocate 4877638 bytes for AllocateHeap
# Possible reasons:
#   The system is out of physical RAM or swap space
#   In 32 bit mode, the process size limit was hit
# Possible solutions:
#   Reduce memory load on the system
#   Increase physical memory or swap space
#   Check if swap backing store is full
#   Use 64 bit Java on a 64 bit OS
#   Decrease Java heap size (-Xmx/-Xms)
#   Decrease number of Java threads
#   Decrease Java thread stack sizes (-Xss)
#   Set larger code cache with -XX:ReservedCodeCacheSize=
# This output file may be truncated or incomplete.
#
#  Out of Memory Error (memory/allocation.inline.hpp:61), pid=56512, tid=58204
#
# JRE version: Java(TM) SE Runtime Environment (7.0_71-b14) (build 1.7.0_71-b14)
# Java VM: Java HotSpot(TM) 64-Bit Server VM (24.71-b01 mixed mode windows-amd64 compressed oops)
# Failed to write core dump. Minidumps are not enabled by default on client versions of Windows
#

---------------  T H R E A D  ---------------

Current thread (0x0000000015fe1800):  JavaThread "Direct Clip" daemon [_thread_in_vm, id=58204, stack(0x000000001cc80000,0x000000001cd80000)]

Stack: [0x000000001cc80000,0x000000001cd80000]
[error occurred during error reporting (printing stack bounds), id 0xc0000005]


[error occurred during error reporting (printing native stack), id 0xc0000005]

Java frames: (J=compiled Java code, j=interpreted, Vv=VM code)
j  com.sun.media.sound.DirectAudioDevice.nWrite(J[BIIIFF)I+0
j  com.sun.media.sound.DirectAudioDevice.access$1800(J[BIIIFF)I+11
j  com.sun.media.sound.DirectAudioDevice$DirectDL.write([BII)I+202
j  com.sun.media.sound.DirectAudioDevice$DirectClip.run()V+163
j  java.lang.Thread.run()V+11
v  ~StubRoutines::call_stub

---------------  P R O C E S S  ---------------

Java Threads: ( => current thread )
  0x000000001e25d800 JavaThread "D3D Screen Updater" daemon [_thread_blocked, id=56652, stack(0x000000001d3e0000,0x000000001d4e0000)]
  0x000000001e1cb800 JavaThread "AWT-EventQueue-0" [_thread_in_native, id=58468, stack(0x000000001d850000,0x000000001d950000)]
=>0x0000000015fe1800 JavaThread "Direct Clip" daemon [_thread_in_vm, id=58204, stack(0x000000001cc80000,0x000000001cd80000)]
  0x0000000015fde800 JavaThread "Java Sound Event Dispatcher" daemon [_thread_blocked, id=58884, stack(0x000000001cde0000,0x000000001cee0000)]
  0x0000000015ef0000 JavaThread "AWT-Windows" daemon [_thread_in_native, id=58376, stack(0x0000000018580000,0x0000000018680000)]
  0x0000000015eef000 JavaThread "AWT-Shutdown" [_thread_blocked, id=55348, stack(0x0000000018450000,0x0000000018550000)]
  0x0000000015f17800 JavaThread "Java2D Disposer" daemon [_thread_blocked, id=51848, stack(0x0000000018190000,0x0000000018290000)]
  0x0000000015e75000 JavaThread "Service Thread" daemon [_thread_blocked, id=55008, stack(0x0000000017f90000,0x0000000018090000)]
  0x0000000015e6b800 JavaThread "C2 CompilerThread1" daemon [_thread_blocked, id=56044, stack(0x0000000017df0000,0x0000000017ef0000)]
  0x0000000015e57000 JavaThread "C2 CompilerThread0" daemon [_thread_blocked, id=58600, stack(0x0000000017c20000,0x0000000017d20000)]
  0x0000000015e51800 JavaThread "Attach Listener" daemon [_thread_blocked, id=57452, stack(0x0000000017a10000,0x0000000017b10000)]
  0x0000000015e60800 JavaThread "Signal Dispatcher" daemon [_thread_blocked, id=58592, stack(0x00000000178e0000,0x00000000179e0000)]
  0x0000000015e05000 JavaThread "Finalizer" daemon [_thread_blocked, id=55712, stack(0x00000000177e0000,0x00000000178e0000)]
  0x0000000015e03800 JavaThread "Reference Handler" daemon [_thread_blocked, id=58660, stack(0x00000000175e0000,0x00000000176e0000)]
  0x00000000003de000 JavaThread "main" [_thread_blocked, id=59064, stack(0x00000000027a0000,0x00000000028a0000)]

Other Threads:
  0x0000000014c29800 VMThread [stack: 0x00000000173f0000,0x00000000174f0000] [id=58604]
  0x0000000015e7e000 WatcherThread [stack: 0x00000000176e0000,0x00000000177e0000] [id=57776]

VM state:not at safepoint (normal execution)

VM Mutex/Monitor currently owned by a thread: None

Heap
 PSYoungGen      total 114688K, used 46009K [0x0000000780000000, 0x0000000788000000, 0x0000000800000000)
  eden space 98304K, 46% used [0x0000000780000000,0x0000000782cee728,0x0000000786000000)
  from space 16384K, 0% used [0x0000000787000000,0x0000000787000000,0x0000000788000000)
  to   space 16384K, 0% used [0x0000000786000000,0x0000000786000000,0x0000000787000000)
 ParOldGen       total 262144K, used 0K [0x0000000680000000, 0x0000000690000000, 0x0000000780000000)
  object space 262144K, 0% used [0x0000000680000000,0x0000000680000000,0x0000000690000000)
 PSPermGen       total 21504K, used 8834K [0x000000067ae00000, 0x000000067c300000, 0x0000000680000000)
  object space 21504K, 41% used [0x000000067ae00000,0x000000067b6a0890,0x000000067c300000)

Card table byte_map: [0x00000000058a0000,0x00000000064d0000] byte_map_base: 0x00000000024c9000

Polling page: 0x0000000000120000

Code Cache  [0x00000000028a0000, 0x0000000002b10000, 0x00000000058a0000)
 total_blobs=436 nmethods=27 adapters=363 free_code_cache=48611Kb largest_free_block=49756032

Compilation events (10 events):
Event: 0.908 Thread 0x0000000015e6b800 nmethod 23 0x0000000002926b50 code [0x0000000002926c80, 0x0000000002926cf8]
Event: 0.908 Thread 0x0000000015e57000 nmethod 22 0x0000000002927c90 code [0x0000000002927de0, 0x0000000002927f58]
Event: 0.955 Thread 0x0000000015e6b800   24             sun.java2d.loops.GraphicsPrimitive::getUniqueID (5 bytes)
Event: 0.956 Thread 0x0000000015e6b800 nmethod 24 0x0000000002928290 code [0x00000000029283c0, 0x0000000002928418]
Event: 0.969 Thread 0x0000000015e57000   25             java.util.Arrays::binarySearch0 (95 bytes)
Event: 0.969 Thread 0x0000000015e6b800   26             sun.java2d.loops.GraphicsPrimitiveMgr$2::compare (39 bytes)
Event: 0.970 Thread 0x0000000015e6b800 nmethod 26 0x00000000029265d0 code [0x0000000002926720, 0x00000000029267f8]
Event: 0.971 Thread 0x0000000015e57000 nmethod 25 0x00000000029260d0 code [0x0000000002926220, 0x00000000029263d8]
Event: 1.000 Thread 0x0000000015e6b800   27             java.lang.String::length (6 bytes)
Event: 1.000 Thread 0x0000000015e6b800 nmethod 27 0x0000000002925810 code [0x0000000002925940, 0x00000000029259b8]

GC Heap History (0 events):
No events

Deoptimization events (0 events):
No events

Internal exceptions (10 events):
Event: 0.672 Thread 0x00000000003de000 Threw 0x000000078016d1a8 at C:\re\jdk7u71\1605\hotspot\src\share\vm\prims\jvm.cpp:1281
Event: 0.673 Thread 0x00000000003de000 Threw 0x000000078016f0b0 at C:\re\jdk7u71\1605\hotspot\src\share\vm\prims\jvm.cpp:1281
Event: 0.673 Thread 0x00000000003de000 Threw 0x0000000780170ab0 at C:\re\jdk7u71\1605\hotspot\src\share\vm\prims\jvm.cpp:1281
Event: 0.761 Thread 0x00000000003de000 Threw 0x00000007813ea2d8 at C:\re\jdk7u71\1605\hotspot\src\share\vm\prims\jvm.cpp:1281
Event: 0.785 Thread 0x00000000003de000 Threw 0x00000007819ffe50 at C:\re\jdk7u71\1605\hotspot\src\share\vm\prims\jvm.cpp:1281
Event: 0.809 Thread 0x00000000003de000 Threw 0x0000000781eae8a0 at C:\re\jdk7u71\1605\hotspot\src\share\vm\prims\jvm.cpp:1281
Event: 0.854 Thread 0x00000000003de000 Threw 0x0000000781ed6708 at C:\re\jdk7u71\1605\hotspot\src\share\vm\prims\jni.cpp:717
Event: 0.854 Thread 0x00000000003de000 Threw 0x0000000781ed6d70 at C:\re\jdk7u71\1605\hotspot\src\share\vm\interpreter\linkResolver.cpp:892
Event: 0.866 Thread 0x00000000003de000 Threw 0x0000000781ef9b80 at C:\re\jdk7u71\1605\hotspot\src\share\vm\prims\jvm.cpp:1281
Event: 0.866 Thread 0x00000000003de000 Threw 0x0000000781efa880 at C:\re\jdk7u71\1605\hotspot\src\share\vm\prims\jvm.cpp:1281

Events (10 events):
Event: 1.420 loading class 0x0000000015edc470
Event: 1.421 loading class 0x0000000015edc470 done
Event: 1.421 loading class 0x0000000015f52010
Event: 1.421 loading class 0x0000000015f52010 done
Event: 1.424 loading class 0x0000000015ebc950
Event: 1.424 loading class 0x0000000015ebc950 done
Event: 1.424 loading class 0x0000000015ebc8c0
Event: 1.424 loading class 0x0000000015ebc8c0 done
Event: 1.424 loading class 0x0000000015eb5ae0
Event: 1.425 loading class 0x0000000015eb5ae0 done


Dynamic libraries:
0x000000013fef0000 - 0x000000013ff23000 	C:\Program Files\Java\jre7\bin\javaw.exe
0x0000000077390000 - 0x0000000077538000 	C:\Windows\SYSTEM32\ntdll.dll
0x0000000077170000 - 0x000000007728f000 	C:\Windows\system32\kernel32.dll
0x000007fefd4a0000 - 0x000007fefd50c000 	C:\Windows\system32\KERNELBASE.dll
0x0000000074760000 - 0x00000000747fe000 	C:\Program Files\Bitdefender\Antivirus Free Edition\avc3\avc3_sig_302\avcuf64.dll
0x000007fefe490000 - 0x000007fefe56b000 	C:\Windows\system32\ADVAPI32.dll
0x000007fefe380000 - 0x000007fefe41f000 	C:\Windows\system32\msvcrt.dll
0x000007fefe010000 - 0x000007fefe02f000 	C:\Windows\SYSTEM32\sechost.dll
0x000007fefddb0000 - 0x000007fefdedd000 	C:\Windows\system32\RPCRT4.dll
0x0000000077290000 - 0x000000007738a000 	C:\Windows\system32\USER32.dll
0x000007fefe420000 - 0x000007fefe487000 	C:\Windows\system32\GDI32.dll
0x000007fefdd00000 - 0x000007fefdd0e000 	C:\Windows\system32\LPK.dll
0x000007fefdb50000 - 0x000007fefdc19000 	C:\Windows\system32\USP10.dll
0x000007fefb820000 - 0x000007fefba14000 	C:\Windows\WinSxS\amd64_microsoft.windows.common-controls_6595b64144ccf1df_6.0.7601.17514_none_fa396087175ac9ac\COMCTL32.dll
0x000007fefe2d0000 - 0x000007fefe341000 	C:\Windows\system32\SHLWAPI.dll
0x000007fefdf80000 - 0x000007fefdfae000 	C:\Windows\system32\IMM32.DLL
0x000007feff590000 - 0x000007feff699000 	C:\Windows\system32\MSCTF.dll
0x00000000506b0000 - 0x0000000050782000 	C:\Program Files\Java\jre7\bin\msvcr100.dll
0x000000006e490000 - 0x000000006ec63000 	C:\Program Files\Java\jre7\bin\server\jvm.dll
0x000007fef7b60000 - 0x000007fef7b69000 	C:\Windows\system32\WSOCK32.dll
0x000007fefe280000 - 0x000007fefe2cd000 	C:\Windows\system32\WS2_32.dll
0x000007fefe370000 - 0x000007fefe378000 	C:\Windows\system32\NSI.dll
0x000007fefada0000 - 0x000007fefaddb000 	C:\Windows\system32\WINMM.dll
0x0000000077550000 - 0x0000000077557000 	C:\Windows\system32\PSAPI.DLL
0x0000000070050000 - 0x000000007005f000 	C:\Program Files\Java\jre7\bin\verify.dll
0x000000006ccb0000 - 0x000000006ccd8000 	C:\Program Files\Java\jre7\bin\java.dll
0x000000006dc60000 - 0x000000006dc75000 	C:\Program Files\Java\jre7\bin\zip.dll
0x000000006c4c0000 - 0x000000006c655000 	C:\Program Files\Java\jre7\bin\awt.dll
0x000007fefdc20000 - 0x000007fefdcf7000 	C:\Windows\system32\OLEAUT32.dll
0x000007feff300000 - 0x000007feff503000 	C:\Windows\system32\ole32.dll
0x000007fefb350000 - 0x000007fefb368000 	C:\Windows\system32\DWMAPI.DLL
0x000007fefb2c0000 - 0x000007fefb316000 	C:\Windows\system32\uxtheme.dll
0x000007feed3f0000 - 0x000007feed438000 	C:\Program Files (x86)\TeamViewer\tv_x64.dll
0x000007fefc350000 - 0x000007fefc35c000 	C:\Windows\system32\VERSION.dll
0x000007fefe570000 - 0x000007feff2f9000 	C:\Windows\system32\SHELL32.dll
0x000007feef310000 - 0x000007feef38f000 	C:\Program Files\Common Files\microsoft shared\ink\tiptsf.dll
0x000007fefcff0000 - 0x000007fefcfff000 	C:\Windows\system32\CRYPTBASE.dll
0x000007fef9630000 - 0x000007fef982f000 	C:\Windows\system32\d3d9.dll
0x000007fef9620000 - 0x000007fef9627000 	C:\Windows\system32\d3d8thk.dll
0x000007fee3850000 - 0x000007fee476a000 	C:\Windows\system32\nvd3dumx.dll
0x0000000180000000 - 0x0000000180188000 	C:\Windows\system32\nvspcap64.dll
0x000007fefd7e0000 - 0x000007fefd9b7000 	C:\Windows\system32\SETUPAPI.dll
0x000007fefd450000 - 0x000007fefd486000 	C:\Windows\system32\CFGMGR32.dll
0x000007fefd210000 - 0x000007fefd22a000 	C:\Windows\system32\DEVOBJ.dll
0x000007fefb740000 - 0x000007fefb76c000 	C:\Windows\system32\powrprof.dll
0x000007fee8550000 - 0x000007fee86b0000 	C:\Program Files (x86)\NVIDIA Corporation\3D Vision\nvSCPAPI64.dll
0x000007fef9110000 - 0x000007fef946d000 	C:\Windows\system32\nvapi64.dll
0x000007fefd410000 - 0x000007fefd44b000 	C:\Windows\system32\WINTRUST.dll
0x000007fefd240000 - 0x000007fefd3ad000 	C:\Windows\system32\CRYPT32.dll
0x000007fefd150000 - 0x000007fefd15f000 	C:\Windows\system32\MSASN1.dll
0x000000006fa80000 - 0x000000006fa8c000 	C:\Program Files\Java\jre7\bin\jsound.dll
0x000000006eef0000 - 0x000000006eefb000 	C:\Program Files\Java\jre7\bin\jsoundds.dll
0x000007feed8a0000 - 0x000007feed928000 	C:\Windows\system32\DSOUND.dll
0x000007fefb6f0000 - 0x000007fefb73b000 	C:\Windows\system32\MMDevAPI.DLL
0x000007fefb490000 - 0x000007fefb5bc000 	C:\Windows\system32\PROPSYS.dll
0x000007fefad60000 - 0x000007fefad9b000 	C:\Windows\system32\wdmaud.drv
0x0000000074ae0000 - 0x0000000074ae6000 	C:\Windows\system32\ksuser.dll
0x000007fefb420000 - 0x000007fefb429000 	C:\Windows\system32\AVRT.dll
0x000007fefa590000 - 0x000007fefa5df000 	C:\Windows\system32\AUDIOSES.DLL
0x000007fef9fe0000 - 0x000007fef9fea000 	C:\Windows\system32\msacm32.drv
0x000007fef9ee0000 - 0x000007fef9ef8000 	C:\Windows\system32\MSACM32.dll
0x000007fef9ed0000 - 0x000007fef9ed9000 	C:\Windows\system32\midimap.dll
0x000007fefdd10000 - 0x000007fefdda9000 	C:\Windows\system32\CLBCatQ.DLL
0x0000000052ef0000 - 0x0000000052f37000 	C:\Program Files\Java\jre7\bin\fontmanager.dll
0x000000006d730000 - 0x000000006d749000 	C:\Program Files\Java\jre7\bin\net.dll
0x000007fefc930000 - 0x000007fefc985000 	C:\Windows\system32\mswsock.dll
0x000007fefc920000 - 0x000007fefc927000 	C:\Windows\System32\wship6.dll
0x000000005a2b0000 - 0x000000005a2c1000 	C:\Program Files\Java\jre7\bin\nio.dll
0x0000000050660000 - 0x00000000506a1000 	C:\Program Files\Java\jre7\bin\t2k.dll
0x000007fef9de0000 - 0x000007fef9e34000 	C:\Windows\system32\oleacc.dll

VM Arguments:
jvm_args: -Dfile.encoding=MS932 
java_command: com.defendthekeep.main.Main
Launcher Type: SUN_STANDARD

Environment Variables:
PATH=C:/Program Files/Java/jre1.8.0_25/bin/server;C:/Program Files/Java/jre1.8.0_25/bin;C:/Program Files/Java/jre1.8.0_25/lib/amd64;C:\Program Files\Common Files\Microsoft Shared\Windows Live;C:\Program Files (x86)\Common Files\Microsoft Shared\Windows Live;C:\ProgramData\Oracle\Java\javapath;C:\Windows\system32;C:\Windows;C:\Windows\System32\Wbem;C:\Windows\System32\WindowsPowerShell\v1.0\;C:\Program Files (x86)\Windows Live\Shared;C:\Program Files\OpenVPN\bin;C:\Program Files (x86)\Skype\Phone\;C:\Program Files (x86)\NVIDIA Corporation\PhysX\Common;H:\RAT Programming\eclipse;
USERNAME=Cronical
OS=Windows_NT
PROCESSOR_IDENTIFIER=Intel64 Family 6 Model 44 Stepping 2, GenuineIntel



---------------  S Y S T E M  ---------------

OS: Windows 7 , 64 bit Build 7601 Service Pack 1

CPU:total 12 (6 cores per cpu, 2 threads per core) family 6 model 44 stepping 2, cmov, cx8, fxsr, mmx, sse, sse2, sse3, ssse3, sse4.1, sse4.2, popcnt, aes, ht, tsc, tscinvbit, tscinv

Memory: 4k page, physical 25164208k(6139692k free), swap 25162356k(5752k free)

vm_info: Java HotSpot(TM) 64-Bit Server VM (24.71-b01) for windows-amd64 JRE (1.7.0_71-b14), built on Sep 26 2014 16:16:12 by "java_re" with unknown MS VC++:1600

time: Sun May 31 21:15:45 2015
elapsed time: 1 seconds

